INFO main facade.Computer - start computer
INFO main facade.Memory - memory read data.......
INFO main facade.Memory - memory write date.......
INFO main facade.Memory - memory read data.......
INFO main facade.Memory - memory write date.......
INFO main facade.Computer - shut dowm computer
INFO main facade.Computer - start computer
INFO main facade.Cpu - cup start.
INFO main facade.Memory - memory read data.......
INFO main facade.Memory - memory write date.......
INFO main facade.Memory - memory read data.......
INFO main facade.Memory - memory write date.......
INFO main facade.Cpu - cpu shut down.
INFO main facade.Computer - shut dowm computer
INFO main facade.Computer - start computer
INFO main facade.Cpu - cup start.
INFO main facade.Disk - disk start
INFO main facade.Memory - memory read data.......
INFO main facade.Memory - memory write date.......
INFO main facade.Memory - memory read data.......
INFO main facade.Memory - memory write date.......
INFO main facade.Disk - disk close
INFO main facade.Cpu - cpu shut down.
INFO main facade.Computer - shut dowm computer
INFO main facade.Computer - start computer
INFO main facade.Cpu - cup start.
INFO main facade.Disk - disk start
INFO main facade.Memory - memory read data.......
INFO main facade.Memory - memory write date.......
INFO main facade.Memory - memory read data.......
INFO main facade.Memory - memory write date.......
INFO main facade.Disk - disk close
INFO main facade.Cpu - cpu shut down.
INFO main facade.Computer - shut dowm computer
INFO main flyweight.FlyweightFactory - create new object Key: subject_0_location_0
INFO main flyweight.FlyweightFactory - create new object Key: subject_0_location_1
INFO main flyweight.FlyweightFactory - create new object Key: subject_0_location_2
INFO main flyweight.FlyweightFactory - create new object Key: subject_0_location_3
INFO main flyweight.FlyweightFactory - create new object Key: subject_0_location_4
INFO main flyweight.FlyweightFactory - create new object Key: subject_0_location_5
INFO main flyweight.FlyweightFactory - create new object Key: subject_0_location_6
INFO main flyweight.FlyweightFactory - create new object Key: subject_0_location_7
INFO main flyweight.FlyweightFactory - create new object Key: subject_0_location_8
INFO main flyweight.FlyweightFactory - create new object Key: subject_0_location_9
INFO main flyweight.FlyweightFactory - create new object Key: subject_0_location_10
INFO main flyweight.FlyweightFactory - create new object Key: subject_0_location_11
INFO main flyweight.FlyweightFactory - create new object Key: subject_0_location_12
INFO main flyweight.FlyweightFactory - create new object Key: subject_0_location_13
INFO main flyweight.FlyweightFactory - create new object Key: subject_0_location_14
INFO main flyweight.FlyweightFactory - create new object Key: subject_0_location_15
INFO main flyweight.FlyweightFactory - create new object Key: subject_0_location_16
INFO main flyweight.FlyweightFactory - create new object Key: subject_0_location_17
INFO main flyweight.FlyweightFactory - create new object Key: subject_0_location_18
INFO main flyweight.FlyweightFactory - create new object Key: subject_0_location_19
INFO main flyweight.FlyweightFactory - create new object Key: subject_0_location_20
INFO main flyweight.FlyweightFactory - create new object Key: subject_0_location_21
INFO main flyweight.FlyweightFactory - create new object Key: subject_0_location_22
INFO main flyweight.FlyweightFactory - create new object Key: subject_0_location_23
INFO main flyweight.FlyweightFactory - create new object Key: subject_0_location_24
INFO main flyweight.FlyweightFactory - create new object Key: subject_0_location_25
INFO main flyweight.FlyweightFactory - create new object Key: subject_0_location_26
INFO main flyweight.FlyweightFactory - create new object Key: subject_0_location_27
INFO main flyweight.FlyweightFactory - create new object Key: subject_0_location_28
INFO main flyweight.FlyweightFactory - create new object Key: subject_0_location_29
INFO main flyweight.FlyweightFactory - create new object Key: subject_1_location_0
INFO main flyweight.FlyweightFactory - create new object Key: subject_1_location_1
INFO main flyweight.FlyweightFactory - create new object Key: subject_1_location_2
INFO main flyweight.FlyweightFactory - create new object Key: subject_1_location_3
INFO main flyweight.FlyweightFactory - create new object Key: subject_1_location_4
INFO main flyweight.FlyweightFactory - create new object Key: subject_1_location_5
INFO main flyweight.FlyweightFactory - create new object Key: subject_1_location_6
INFO main flyweight.FlyweightFactory - create new object Key: subject_1_location_7
INFO main flyweight.FlyweightFactory - create new object Key: subject_1_location_8
INFO main flyweight.FlyweightFactory - create new object Key: subject_1_location_9
INFO main flyweight.FlyweightFactory - create new object Key: subject_1_location_10
INFO main flyweight.FlyweightFactory - create new object Key: subject_1_location_11
INFO main flyweight.FlyweightFactory - create new object Key: subject_1_location_12
INFO main flyweight.FlyweightFactory - create new object Key: subject_1_location_13
INFO main flyweight.FlyweightFactory - create new object Key: subject_1_location_14
INFO main flyweight.FlyweightFactory - create new object Key: subject_1_location_15
INFO main flyweight.FlyweightFactory - create new object Key: subject_1_location_16
INFO main flyweight.FlyweightFactory - create new object Key: subject_1_location_17
INFO main flyweight.FlyweightFactory - create new object Key: subject_1_location_18
INFO main flyweight.FlyweightFactory - create new object Key: subject_1_location_19
INFO main flyweight.FlyweightFactory - create new object Key: subject_1_location_20
INFO main flyweight.FlyweightFactory - create new object Key: subject_1_location_21
INFO main flyweight.FlyweightFactory - create new object Key: subject_1_location_22
INFO main flyweight.FlyweightFactory - create new object Key: subject_1_location_23
INFO main flyweight.FlyweightFactory - create new object Key: subject_1_location_24
INFO main flyweight.FlyweightFactory - create new object Key: subject_1_location_25
INFO main flyweight.FlyweightFactory - create new object Key: subject_1_location_26
INFO main flyweight.FlyweightFactory - create new object Key: subject_1_location_27
INFO main flyweight.FlyweightFactory - create new object Key: subject_1_location_28
INFO main flyweight.FlyweightFactory - create new object Key: subject_1_location_29
INFO main flyweight.FlyweightFactory - create new object Key: subject_2_location_0
INFO main flyweight.FlyweightFactory - create new object Key: subject_2_location_1
INFO main flyweight.FlyweightFactory - create new object Key: subject_2_location_2
INFO main flyweight.FlyweightFactory - create new object Key: subject_2_location_3
INFO main flyweight.FlyweightFactory - create new object Key: subject_2_location_4
INFO main flyweight.FlyweightFactory - create new object Key: subject_2_location_5
INFO main flyweight.FlyweightFactory - create new object Key: subject_2_location_6
INFO main flyweight.FlyweightFactory - create new object Key: subject_2_location_7
INFO main flyweight.FlyweightFactory - create new object Key: subject_2_location_8
INFO main flyweight.FlyweightFactory - create new object Key: subject_2_location_9
INFO main flyweight.FlyweightFactory - create new object Key: subject_2_location_10
INFO main flyweight.FlyweightFactory - create new object Key: subject_2_location_11
INFO main flyweight.FlyweightFactory - create new object Key: subject_2_location_12
INFO main flyweight.FlyweightFactory - create new object Key: subject_2_location_13
INFO main flyweight.FlyweightFactory - create new object Key: subject_2_location_14
INFO main flyweight.FlyweightFactory - create new object Key: subject_2_location_15
INFO main flyweight.FlyweightFactory - create new object Key: subject_2_location_16
INFO main flyweight.FlyweightFactory - create new object Key: subject_2_location_17
INFO main flyweight.FlyweightFactory - create new object Key: subject_2_location_18
INFO main flyweight.FlyweightFactory - create new object Key: subject_2_location_19
INFO main flyweight.FlyweightFactory - create new object Key: subject_2_location_20
INFO main flyweight.FlyweightFactory - create new object Key: subject_2_location_21
INFO main flyweight.FlyweightFactory - create new object Key: subject_2_location_22
INFO main flyweight.FlyweightFactory - create new object Key: subject_2_location_23
INFO main flyweight.FlyweightFactory - create new object Key: subject_2_location_24
INFO main flyweight.FlyweightFactory - create new object Key: subject_2_location_25
INFO main flyweight.FlyweightFactory - create new object Key: subject_2_location_26
INFO main flyweight.FlyweightFactory - create new object Key: subject_2_location_27
INFO main flyweight.FlyweightFactory - create new object Key: subject_2_location_28
INFO main flyweight.FlyweightFactory - create new object Key: subject_2_location_29
INFO main flyweight.FlyweightFactory - create new object Key: subject_3_location_0
INFO main flyweight.FlyweightFactory - create new object Key: subject_3_location_1
INFO main flyweight.FlyweightFactory - create new object Key: subject_3_location_2
INFO main flyweight.FlyweightFactory - create new object Key: subject_3_location_3
INFO main flyweight.FlyweightFactory - create new object Key: subject_3_location_4
INFO main flyweight.FlyweightFactory - create new object Key: subject_3_location_5
INFO main flyweight.FlyweightFactory - create new object Key: subject_3_location_6
INFO main flyweight.FlyweightFactory - create new object Key: subject_3_location_7
INFO main flyweight.FlyweightFactory - create new object Key: subject_3_location_8
INFO main flyweight.FlyweightFactory - create new object Key: subject_3_location_9
INFO main flyweight.FlyweightFactory - create new object Key: subject_3_location_10
INFO main flyweight.FlyweightFactory - create new object Key: subject_3_location_11
INFO main flyweight.FlyweightFactory - create new object Key: subject_3_location_12
INFO main flyweight.FlyweightFactory - create new object Key: subject_3_location_13
INFO main flyweight.FlyweightFactory - create new object Key: subject_3_location_14
INFO main flyweight.FlyweightFactory - create new object Key: subject_3_location_15
INFO main flyweight.FlyweightFactory - create new object Key: subject_3_location_16
INFO main flyweight.FlyweightFactory - create new object Key: subject_3_location_17
INFO main flyweight.FlyweightFactory - create new object Key: subject_3_location_18
INFO main flyweight.FlyweightFactory - create new object Key: subject_3_location_19
INFO main flyweight.FlyweightFactory - create new object Key: subject_3_location_20
INFO main flyweight.FlyweightFactory - create new object Key: subject_3_location_21
INFO main flyweight.FlyweightFactory - create new object Key: subject_3_location_22
INFO main flyweight.FlyweightFactory - create new object Key: subject_3_location_23
INFO main flyweight.FlyweightFactory - create new object Key: subject_3_location_24
INFO main flyweight.FlyweightFactory - create new object Key: subject_3_location_25
INFO main flyweight.FlyweightFactory - create new object Key: subject_3_location_26
INFO main flyweight.FlyweightFactory - create new object Key: subject_3_location_27
INFO main flyweight.FlyweightFactory - create new object Key: subject_3_location_28
INFO main flyweight.FlyweightFactory - create new object Key: subject_3_location_29
INFO main flyweight.FlyweightFactory - create new object Key: subject_0_location_0
INFO main flyweight.FlyweightFactory - create new object Key: subject_0_location_1
INFO main flyweight.FlyweightFactory - create new object Key: subject_0_location_2
INFO main flyweight.FlyweightFactory - create new object Key: subject_0_location_3
INFO main flyweight.FlyweightFactory - create new object Key: subject_0_location_4
INFO main flyweight.FlyweightFactory - create new object Key: subject_0_location_5
INFO main flyweight.FlyweightFactory - create new object Key: subject_0_location_6
INFO main flyweight.FlyweightFactory - create new object Key: subject_0_location_7
INFO main flyweight.FlyweightFactory - create new object Key: subject_0_location_8
INFO main flyweight.FlyweightFactory - create new object Key: subject_0_location_9
INFO main flyweight.FlyweightFactory - create new object Key: subject_0_location_10
INFO main flyweight.FlyweightFactory - create new object Key: subject_0_location_11
INFO main flyweight.FlyweightFactory - create new object Key: subject_0_location_12
INFO main flyweight.FlyweightFactory - create new object Key: subject_0_location_13
INFO main flyweight.FlyweightFactory - create new object Key: subject_0_location_14
INFO main flyweight.FlyweightFactory - create new object Key: subject_0_location_15
INFO main flyweight.FlyweightFactory - create new object Key: subject_0_location_16
INFO main flyweight.FlyweightFactory - create new object Key: subject_0_location_17
INFO main flyweight.FlyweightFactory - create new object Key: subject_0_location_18
INFO main flyweight.FlyweightFactory - create new object Key: subject_0_location_19
INFO main flyweight.FlyweightFactory - create new object Key: subject_0_location_20
INFO main flyweight.FlyweightFactory - create new object Key: subject_0_location_21
INFO main flyweight.FlyweightFactory - create new object Key: subject_0_location_22
INFO main flyweight.FlyweightFactory - create new object Key: subject_0_location_23
INFO main flyweight.FlyweightFactory - create new object Key: subject_0_location_24
INFO main flyweight.FlyweightFactory - create new object Key: subject_0_location_25
INFO main flyweight.FlyweightFactory - create new object Key: subject_0_location_26
INFO main flyweight.FlyweightFactory - create new object Key: subject_0_location_27
INFO main flyweight.FlyweightFactory - create new object Key: subject_0_location_28
INFO main flyweight.FlyweightFactory - create new object Key: subject_0_location_29
INFO main flyweight.FlyweightFactory - create new object Key: subject_1_location_0
INFO main flyweight.FlyweightFactory - create new object Key: subject_1_location_1
INFO main flyweight.FlyweightFactory - create new object Key: subject_1_location_2
INFO main flyweight.FlyweightFactory - create new object Key: subject_1_location_3
INFO main flyweight.FlyweightFactory - create new object Key: subject_1_location_4
INFO main flyweight.FlyweightFactory - create new object Key: subject_1_location_5
INFO main flyweight.FlyweightFactory - create new object Key: subject_1_location_6
INFO main flyweight.FlyweightFactory - create new object Key: subject_1_location_7
INFO main flyweight.FlyweightFactory - create new object Key: subject_1_location_8
INFO main flyweight.FlyweightFactory - create new object Key: subject_1_location_9
INFO main flyweight.FlyweightFactory - create new object Key: subject_1_location_10
INFO main flyweight.FlyweightFactory - create new object Key: subject_1_location_11
INFO main flyweight.FlyweightFactory - create new object Key: subject_1_location_12
INFO main flyweight.FlyweightFactory - create new object Key: subject_1_location_13
INFO main flyweight.FlyweightFactory - create new object Key: subject_1_location_14
INFO main flyweight.FlyweightFactory - create new object Key: subject_1_location_15
INFO main flyweight.FlyweightFactory - create new object Key: subject_1_location_16
INFO main flyweight.FlyweightFactory - create new object Key: subject_1_location_17
INFO main flyweight.FlyweightFactory - create new object Key: subject_1_location_18
INFO main flyweight.FlyweightFactory - create new object Key: subject_1_location_19
INFO main flyweight.FlyweightFactory - create new object Key: subject_1_location_20
INFO main flyweight.FlyweightFactory - create new object Key: subject_1_location_21
INFO main flyweight.FlyweightFactory - create new object Key: subject_1_location_22
INFO main flyweight.FlyweightFactory - create new object Key: subject_1_location_23
INFO main flyweight.FlyweightFactory - create new object Key: subject_1_location_24
INFO main flyweight.FlyweightFactory - create new object Key: subject_1_location_25
INFO main flyweight.FlyweightFactory - create new object Key: subject_1_location_26
INFO main flyweight.FlyweightFactory - create new object Key: subject_1_location_27
INFO main flyweight.FlyweightFactory - create new object Key: subject_1_location_28
INFO main flyweight.FlyweightFactory - create new object Key: subject_1_location_29
INFO main flyweight.FlyweightFactory - create new object Key: subject_2_location_0
INFO main flyweight.FlyweightFactory - create new object Key: subject_2_location_1
INFO main flyweight.FlyweightFactory - create new object Key: subject_2_location_2
INFO main flyweight.FlyweightFactory - create new object Key: subject_2_location_3
INFO main flyweight.FlyweightFactory - create new object Key: subject_2_location_4
INFO main flyweight.FlyweightFactory - create new object Key: subject_2_location_5
INFO main flyweight.FlyweightFactory - create new object Key: subject_2_location_6
INFO main flyweight.FlyweightFactory - create new object Key: subject_2_location_7
INFO main flyweight.FlyweightFactory - create new object Key: subject_2_location_8
INFO main flyweight.FlyweightFactory - create new object Key: subject_2_location_9
INFO main flyweight.FlyweightFactory - create new object Key: subject_2_location_10
INFO main flyweight.FlyweightFactory - create new object Key: subject_2_location_11
INFO main flyweight.FlyweightFactory - create new object Key: subject_2_location_12
INFO main flyweight.FlyweightFactory - create new object Key: subject_2_location_13
INFO main flyweight.FlyweightFactory - create new object Key: subject_2_location_14
INFO main flyweight.FlyweightFactory - create new object Key: subject_2_location_15
INFO main flyweight.FlyweightFactory - create new object Key: subject_2_location_16
INFO main flyweight.FlyweightFactory - create new object Key: subject_2_location_17
INFO main flyweight.FlyweightFactory - create new object Key: subject_2_location_18
INFO main flyweight.FlyweightFactory - create new object Key: subject_2_location_19
INFO main flyweight.FlyweightFactory - create new object Key: subject_2_location_20
INFO main flyweight.FlyweightFactory - create new object Key: subject_2_location_21
INFO main flyweight.FlyweightFactory - create new object Key: subject_2_location_22
INFO main flyweight.FlyweightFactory - create new object Key: subject_2_location_23
INFO main flyweight.FlyweightFactory - create new object Key: subject_2_location_24
INFO main flyweight.FlyweightFactory - create new object Key: subject_2_location_25
INFO main flyweight.FlyweightFactory - create new object Key: subject_2_location_26
INFO main flyweight.FlyweightFactory - create new object Key: subject_2_location_27
INFO main flyweight.FlyweightFactory - create new object Key: subject_2_location_28
INFO main flyweight.FlyweightFactory - create new object Key: subject_2_location_29
INFO main flyweight.FlyweightFactory - create new object Key: subject_3_location_0
INFO main flyweight.FlyweightFactory - create new object Key: subject_3_location_1
INFO main flyweight.FlyweightFactory - create new object Key: subject_3_location_2
INFO main flyweight.FlyweightFactory - create new object Key: subject_3_location_3
INFO main flyweight.FlyweightFactory - create new object Key: subject_3_location_4
INFO main flyweight.FlyweightFactory - create new object Key: subject_3_location_5
INFO main flyweight.FlyweightFactory - create new object Key: subject_3_location_6
INFO main flyweight.FlyweightFactory - create new object Key: subject_3_location_7
INFO main flyweight.FlyweightFactory - create new object Key: subject_3_location_8
INFO main flyweight.FlyweightFactory - create new object Key: subject_3_location_9
INFO main flyweight.FlyweightFactory - create new object Key: subject_3_location_10
INFO main flyweight.FlyweightFactory - create new object Key: subject_3_location_11
INFO main flyweight.FlyweightFactory - create new object Key: subject_3_location_12
INFO main flyweight.FlyweightFactory - create new object Key: subject_3_location_13
INFO main flyweight.FlyweightFactory - create new object Key: subject_3_location_14
INFO main flyweight.FlyweightFactory - create new object Key: subject_3_location_15
INFO main flyweight.FlyweightFactory - create new object Key: subject_3_location_16
INFO main flyweight.FlyweightFactory - create new object Key: subject_3_location_17
INFO main flyweight.FlyweightFactory - create new object Key: subject_3_location_18
INFO main flyweight.FlyweightFactory - create new object Key: subject_3_location_19
INFO main flyweight.FlyweightFactory - create new object Key: subject_3_location_20
INFO main flyweight.FlyweightFactory - create new object Key: subject_3_location_21
INFO main flyweight.FlyweightFactory - create new object Key: subject_3_location_22
INFO main flyweight.FlyweightFactory - create new object Key: subject_3_location_23
INFO main flyweight.FlyweightFactory - create new object Key: subject_3_location_24
INFO main flyweight.FlyweightFactory - create new object Key: subject_3_location_25
INFO main flyweight.FlyweightFactory - create new object Key: subject_3_location_26
INFO main flyweight.FlyweightFactory - create new object Key: subject_3_location_27
INFO main flyweight.FlyweightFactory - create new object Key: subject_3_location_28
INFO main flyweight.FlyweightFactory - create new object Key: subject_3_location_29
INFO main flyweight.FlyweightFactory - create new object Key: subject_0:location_0
INFO main flyweight.FlyweightFactory - create new object Key: subject_0:location_1
INFO main flyweight.FlyweightFactory - create new object Key: subject_0:location_2
INFO main flyweight.FlyweightFactory - create new object Key: subject_0:location_3
INFO main flyweight.FlyweightFactory - create new object Key: subject_0:location_4
INFO main flyweight.FlyweightFactory - create new object Key: subject_0:location_5
INFO main flyweight.FlyweightFactory - create new object Key: subject_0:location_6
INFO main flyweight.FlyweightFactory - create new object Key: subject_0:location_7
INFO main flyweight.FlyweightFactory - create new object Key: subject_0:location_8
INFO main flyweight.FlyweightFactory - create new object Key: subject_0:location_9
INFO main flyweight.FlyweightFactory - create new object Key: subject_0:location_10
INFO main flyweight.FlyweightFactory - create new object Key: subject_0:location_11
INFO main flyweight.FlyweightFactory - create new object Key: subject_0:location_12
INFO main flyweight.FlyweightFactory - create new object Key: subject_0:location_13
INFO main flyweight.FlyweightFactory - create new object Key: subject_0:location_14
INFO main flyweight.FlyweightFactory - create new object Key: subject_0:location_15
INFO main flyweight.FlyweightFactory - create new object Key: subject_0:location_16
INFO main flyweight.FlyweightFactory - create new object Key: subject_0:location_17
INFO main flyweight.FlyweightFactory - create new object Key: subject_0:location_18
INFO main flyweight.FlyweightFactory - create new object Key: subject_0:location_19
INFO main flyweight.FlyweightFactory - create new object Key: subject_0:location_20
INFO main flyweight.FlyweightFactory - create new object Key: subject_0:location_21
INFO main flyweight.FlyweightFactory - create new object Key: subject_0:location_22
INFO main flyweight.FlyweightFactory - create new object Key: subject_0:location_23
INFO main flyweight.FlyweightFactory - create new object Key: subject_0:location_24
INFO main flyweight.FlyweightFactory - create new object Key: subject_0:location_25
INFO main flyweight.FlyweightFactory - create new object Key: subject_0:location_26
INFO main flyweight.FlyweightFactory - create new object Key: subject_0:location_27
INFO main flyweight.FlyweightFactory - create new object Key: subject_0:location_28
INFO main flyweight.FlyweightFactory - create new object Key: subject_0:location_29
INFO main flyweight.FlyweightFactory - create new object Key: subject_1:location_0
INFO main flyweight.FlyweightFactory - create new object Key: subject_1:location_1
INFO main flyweight.FlyweightFactory - create new object Key: subject_1:location_2
INFO main flyweight.FlyweightFactory - create new object Key: subject_1:location_3
INFO main flyweight.FlyweightFactory - create new object Key: subject_1:location_4
INFO main flyweight.FlyweightFactory - create new object Key: subject_1:location_5
INFO main flyweight.FlyweightFactory - create new object Key: subject_1:location_6
INFO main flyweight.FlyweightFactory - create new object Key: subject_1:location_7
INFO main flyweight.FlyweightFactory - create new object Key: subject_1:location_8
INFO main flyweight.FlyweightFactory - create new object Key: subject_1:location_9
INFO main flyweight.FlyweightFactory - create new object Key: subject_1:location_10
INFO main flyweight.FlyweightFactory - create new object Key: subject_1:location_11
INFO main flyweight.FlyweightFactory - create new object Key: subject_1:location_12
INFO main flyweight.FlyweightFactory - create new object Key: subject_1:location_13
INFO main flyweight.FlyweightFactory - create new object Key: subject_1:location_14
INFO main flyweight.FlyweightFactory - create new object Key: subject_1:location_15
INFO main flyweight.FlyweightFactory - create new object Key: subject_1:location_16
INFO main flyweight.FlyweightFactory - create new object Key: subject_1:location_17
INFO main flyweight.FlyweightFactory - create new object Key: subject_1:location_18
INFO main flyweight.FlyweightFactory - create new object Key: subject_1:location_19
INFO main flyweight.FlyweightFactory - create new object Key: subject_1:location_20
INFO main flyweight.FlyweightFactory - create new object Key: subject_1:location_21
INFO main flyweight.FlyweightFactory - create new object Key: subject_1:location_22
INFO main flyweight.FlyweightFactory - create new object Key: subject_1:location_23
INFO main flyweight.FlyweightFactory - create new object Key: subject_1:location_24
INFO main flyweight.FlyweightFactory - create new object Key: subject_1:location_25
INFO main flyweight.FlyweightFactory - create new object Key: subject_1:location_26
INFO main flyweight.FlyweightFactory - create new object Key: subject_1:location_27
INFO main flyweight.FlyweightFactory - create new object Key: subject_1:location_28
INFO main flyweight.FlyweightFactory - create new object Key: subject_1:location_29
INFO main flyweight.FlyweightFactory - create new object Key: subject_2:location_0
INFO main flyweight.FlyweightFactory - create new object Key: subject_2:location_1
INFO main flyweight.FlyweightFactory - create new object Key: subject_2:location_2
INFO main flyweight.FlyweightFactory - create new object Key: subject_2:location_3
INFO main flyweight.FlyweightFactory - create new object Key: subject_2:location_4
INFO main flyweight.FlyweightFactory - create new object Key: subject_2:location_5
INFO main flyweight.FlyweightFactory - create new object Key: subject_2:location_6
INFO main flyweight.FlyweightFactory - create new object Key: subject_2:location_7
INFO main flyweight.FlyweightFactory - create new object Key: subject_2:location_8
INFO main flyweight.FlyweightFactory - create new object Key: subject_2:location_9
INFO main flyweight.FlyweightFactory - create new object Key: subject_2:location_10
INFO main flyweight.FlyweightFactory - create new object Key: subject_2:location_11
INFO main flyweight.FlyweightFactory - create new object Key: subject_2:location_12
INFO main flyweight.FlyweightFactory - create new object Key: subject_2:location_13
INFO main flyweight.FlyweightFactory - create new object Key: subject_2:location_14
INFO main flyweight.FlyweightFactory - create new object Key: subject_2:location_15
INFO main flyweight.FlyweightFactory - create new object Key: subject_2:location_16
INFO main flyweight.FlyweightFactory - create new object Key: subject_2:location_17
INFO main flyweight.FlyweightFactory - create new object Key: subject_2:location_18
INFO main flyweight.FlyweightFactory - create new object Key: subject_2:location_19
INFO main flyweight.FlyweightFactory - create new object Key: subject_2:location_20
INFO main flyweight.FlyweightFactory - create new object Key: subject_2:location_21
INFO main flyweight.FlyweightFactory - create new object Key: subject_2:location_22
INFO main flyweight.FlyweightFactory - create new object Key: subject_2:location_23
INFO main flyweight.FlyweightFactory - create new object Key: subject_2:location_24
INFO main flyweight.FlyweightFactory - create new object Key: subject_2:location_25
INFO main flyweight.FlyweightFactory - create new object Key: subject_2:location_26
INFO main flyweight.FlyweightFactory - create new object Key: subject_2:location_27
INFO main flyweight.FlyweightFactory - create new object Key: subject_2:location_28
INFO main flyweight.FlyweightFactory - create new object Key: subject_2:location_29
INFO main flyweight.FlyweightFactory - create new object Key: subject_3:location_0
INFO main flyweight.FlyweightFactory - create new object Key: subject_3:location_1
INFO main flyweight.FlyweightFactory - create new object Key: subject_3:location_2
INFO main flyweight.FlyweightFactory - create new object Key: subject_3:location_3
INFO main flyweight.FlyweightFactory - create new object Key: subject_3:location_4
INFO main flyweight.FlyweightFactory - create new object Key: subject_3:location_5
INFO main flyweight.FlyweightFactory - create new object Key: subject_3:location_6
INFO main flyweight.FlyweightFactory - create new object Key: subject_3:location_7
INFO main flyweight.FlyweightFactory - create new object Key: subject_3:location_8
INFO main flyweight.FlyweightFactory - create new object Key: subject_3:location_9
INFO main flyweight.FlyweightFactory - create new object Key: subject_3:location_10
INFO main flyweight.FlyweightFactory - create new object Key: subject_3:location_11
INFO main flyweight.FlyweightFactory - create new object Key: subject_3:location_12
INFO main flyweight.FlyweightFactory - create new object Key: subject_3:location_13
INFO main flyweight.FlyweightFactory - create new object Key: subject_3:location_14
INFO main flyweight.FlyweightFactory - create new object Key: subject_3:location_15
INFO main flyweight.FlyweightFactory - create new object Key: subject_3:location_16
INFO main flyweight.FlyweightFactory - create new object Key: subject_3:location_17
INFO main flyweight.FlyweightFactory - create new object Key: subject_3:location_18
INFO main flyweight.FlyweightFactory - create new object Key: subject_3:location_19
INFO main flyweight.FlyweightFactory - create new object Key: subject_3:location_20
INFO main flyweight.FlyweightFactory - create new object Key: subject_3:location_21
INFO main flyweight.FlyweightFactory - create new object Key: subject_3:location_22
INFO main flyweight.FlyweightFactory - create new object Key: subject_3:location_23
INFO main flyweight.FlyweightFactory - create new object Key: subject_3:location_24
INFO main flyweight.FlyweightFactory - create new object Key: subject_3:location_25
INFO main flyweight.FlyweightFactory - create new object Key: subject_3:location_26
INFO main flyweight.FlyweightFactory - create new object Key: subject_3:location_27
INFO main flyweight.FlyweightFactory - create new object Key: subject_3:location_28
INFO main flyweight.FlyweightFactory - create new object Key: subject_3:location_29
INFO main flyweight.FlyweightFactory - create new object Key: subject_0:location_0
INFO main flyweight.FlyweightFactory - create new object Key: subject_0:location_1
INFO main flyweight.FlyweightFactory - create new object Key: subject_0:location_2
INFO main flyweight.FlyweightFactory - create new object Key: subject_0:location_3
INFO main flyweight.FlyweightFactory - create new object Key: subject_0:location_4
INFO main flyweight.FlyweightFactory - create new object Key: subject_0:location_5
INFO main flyweight.FlyweightFactory - create new object Key: subject_0:location_6
INFO main flyweight.FlyweightFactory - create new object Key: subject_0:location_7
INFO main flyweight.FlyweightFactory - create new object Key: subject_0:location_8
INFO main flyweight.FlyweightFactory - create new object Key: subject_0:location_9
INFO main flyweight.FlyweightFactory - create new object Key: subject_0:location_10
INFO main flyweight.FlyweightFactory - create new object Key: subject_0:location_11
INFO main flyweight.FlyweightFactory - create new object Key: subject_0:location_12
INFO main flyweight.FlyweightFactory - create new object Key: subject_0:location_13
INFO main flyweight.FlyweightFactory - create new object Key: subject_0:location_14
INFO main flyweight.FlyweightFactory - create new object Key: subject_0:location_15
INFO main flyweight.FlyweightFactory - create new object Key: subject_0:location_16
INFO main flyweight.FlyweightFactory - create new object Key: subject_0:location_17
INFO main flyweight.FlyweightFactory - create new object Key: subject_0:location_18
INFO main flyweight.FlyweightFactory - create new object Key: subject_0:location_19
INFO main flyweight.FlyweightFactory - create new object Key: subject_0:location_20
INFO main flyweight.FlyweightFactory - create new object Key: subject_0:location_21
INFO main flyweight.FlyweightFactory - create new object Key: subject_0:location_22
INFO main flyweight.FlyweightFactory - create new object Key: subject_0:location_23
INFO main flyweight.FlyweightFactory - create new object Key: subject_0:location_24
INFO main flyweight.FlyweightFactory - create new object Key: subject_0:location_25
INFO main flyweight.FlyweightFactory - create new object Key: subject_0:location_26
INFO main flyweight.FlyweightFactory - create new object Key: subject_0:location_27
INFO main flyweight.FlyweightFactory - create new object Key: subject_0:location_28
INFO main flyweight.FlyweightFactory - create new object Key: subject_0:location_29
INFO main flyweight.FlyweightFactory - create new object Key: subject_1:location_0
INFO main flyweight.FlyweightFactory - create new object Key: subject_1:location_1
INFO main flyweight.FlyweightFactory - create new object Key: subject_1:location_2
INFO main flyweight.FlyweightFactory - create new object Key: subject_1:location_3
INFO main flyweight.FlyweightFactory - create new object Key: subject_1:location_4
INFO main flyweight.FlyweightFactory - create new object Key: subject_1:location_5
INFO main flyweight.FlyweightFactory - create new object Key: subject_1:location_6
INFO main flyweight.FlyweightFactory - create new object Key: subject_1:location_7
INFO main flyweight.FlyweightFactory - create new object Key: subject_1:location_8
INFO main flyweight.FlyweightFactory - create new object Key: subject_1:location_9
INFO main flyweight.FlyweightFactory - create new object Key: subject_1:location_10
INFO main flyweight.FlyweightFactory - create new object Key: subject_1:location_11
INFO main flyweight.FlyweightFactory - create new object Key: subject_1:location_12
INFO main flyweight.FlyweightFactory - create new object Key: subject_1:location_13
INFO main flyweight.FlyweightFactory - create new object Key: subject_1:location_14
INFO main flyweight.FlyweightFactory - create new object Key: subject_1:location_15
INFO main flyweight.FlyweightFactory - create new object Key: subject_1:location_16
INFO main flyweight.FlyweightFactory - create new object Key: subject_1:location_17
INFO main flyweight.FlyweightFactory - create new object Key: subject_1:location_18
INFO main flyweight.FlyweightFactory - create new object Key: subject_1:location_19
INFO main flyweight.FlyweightFactory - create new object Key: subject_1:location_20
INFO main flyweight.FlyweightFactory - create new object Key: subject_1:location_21
INFO main flyweight.FlyweightFactory - create new object Key: subject_1:location_22
INFO main flyweight.FlyweightFactory - create new object Key: subject_1:location_23
INFO main flyweight.FlyweightFactory - create new object Key: subject_1:location_24
INFO main flyweight.FlyweightFactory - create new object Key: subject_1:location_25
INFO main flyweight.FlyweightFactory - create new object Key: subject_1:location_26
INFO main flyweight.FlyweightFactory - create new object Key: subject_1:location_27
INFO main flyweight.FlyweightFactory - create new object Key: subject_1:location_28
INFO main flyweight.FlyweightFactory - create new object Key: subject_1:location_29
INFO main flyweight.FlyweightFactory - create new object Key: subject_2:location_0
INFO main flyweight.FlyweightFactory - create new object Key: subject_2:location_1
INFO main flyweight.FlyweightFactory - create new object Key: subject_2:location_2
INFO main flyweight.FlyweightFactory - create new object Key: subject_2:location_3
INFO main flyweight.FlyweightFactory - create new object Key: subject_2:location_4
INFO main flyweight.FlyweightFactory - create new object Key: subject_2:location_5
INFO main flyweight.FlyweightFactory - create new object Key: subject_2:location_6
INFO main flyweight.FlyweightFactory - create new object Key: subject_2:location_7
INFO main flyweight.FlyweightFactory - create new object Key: subject_2:location_8
INFO main flyweight.FlyweightFactory - create new object Key: subject_2:location_9
INFO main flyweight.FlyweightFactory - create new object Key: subject_2:location_10
INFO main flyweight.FlyweightFactory - create new object Key: subject_2:location_11
INFO main flyweight.FlyweightFactory - create new object Key: subject_2:location_12
INFO main flyweight.FlyweightFactory - create new object Key: subject_2:location_13
INFO main flyweight.FlyweightFactory - create new object Key: subject_2:location_14
INFO main flyweight.FlyweightFactory - create new object Key: subject_2:location_15
INFO main flyweight.FlyweightFactory - create new object Key: subject_2:location_16
INFO main flyweight.FlyweightFactory - create new object Key: subject_2:location_17
INFO main flyweight.FlyweightFactory - create new object Key: subject_2:location_18
INFO main flyweight.FlyweightFactory - create new object Key: subject_2:location_19
INFO main flyweight.FlyweightFactory - create new object Key: subject_2:location_20
INFO main flyweight.FlyweightFactory - create new object Key: subject_2:location_21
INFO main flyweight.FlyweightFactory - create new object Key: subject_2:location_22
INFO main flyweight.FlyweightFactory - create new object Key: subject_2:location_23
INFO main flyweight.FlyweightFactory - create new object Key: subject_2:location_24
INFO main flyweight.FlyweightFactory - create new object Key: subject_2:location_25
INFO main flyweight.FlyweightFactory - create new object Key: subject_2:location_26
INFO main flyweight.FlyweightFactory - create new object Key: subject_2:location_27
INFO main flyweight.FlyweightFactory - create new object Key: subject_2:location_28
INFO main flyweight.FlyweightFactory - create new object Key: subject_2:location_29
INFO main flyweight.FlyweightFactory - create new object Key: subject_3:location_0
INFO main flyweight.FlyweightFactory - create new object Key: subject_3:location_1
INFO main flyweight.FlyweightFactory - create new object Key: subject_3:location_2
INFO main flyweight.FlyweightFactory - create new object Key: subject_3:location_3
INFO main flyweight.FlyweightFactory - create new object Key: subject_3:location_4
INFO main flyweight.FlyweightFactory - create new object Key: subject_3:location_5
INFO main flyweight.FlyweightFactory - create new object Key: subject_3:location_6
INFO main flyweight.FlyweightFactory - create new object Key: subject_3:location_7
INFO main flyweight.FlyweightFactory - create new object Key: subject_3:location_8
INFO main flyweight.FlyweightFactory - create new object Key: subject_3:location_9
INFO main flyweight.FlyweightFactory - create new object Key: subject_3:location_10
INFO main flyweight.FlyweightFactory - create new object Key: subject_3:location_11
INFO main flyweight.FlyweightFactory - create new object Key: subject_3:location_12
INFO main flyweight.FlyweightFactory - create new object Key: subject_3:location_13
INFO main flyweight.FlyweightFactory - create new object Key: subject_3:location_14
INFO main flyweight.FlyweightFactory - create new object Key: subject_3:location_15
INFO main flyweight.FlyweightFactory - create new object Key: subject_3:location_16
INFO main flyweight.FlyweightFactory - create new object Key: subject_3:location_17
INFO main flyweight.FlyweightFactory - create new object Key: subject_3:location_18
INFO main flyweight.FlyweightFactory - create new object Key: subject_3:location_19
INFO main flyweight.FlyweightFactory - create new object Key: subject_3:location_20
INFO main flyweight.FlyweightFactory - create new object Key: subject_3:location_21
INFO main flyweight.FlyweightFactory - create new object Key: subject_3:location_22
INFO main flyweight.FlyweightFactory - create new object Key: subject_3:location_23
INFO main flyweight.FlyweightFactory - create new object Key: subject_3:location_24
INFO main flyweight.FlyweightFactory - create new object Key: subject_3:location_25
INFO main flyweight.FlyweightFactory - create new object Key: subject_3:location_26
INFO main flyweight.FlyweightFactory - create new object Key: subject_3:location_27
INFO main flyweight.FlyweightFactory - create new object Key: subject_3:location_28
INFO main flyweight.FlyweightFactory - create new object Key: subject_3:location_29
INFO main flyweight.FlyweightFactory - create new object Key: subject_0:location_0
INFO main flyweight.FlyweightFactory - create new object Key: subject_0:location_1
INFO main flyweight.FlyweightFactory - create new object Key: subject_0:location_2
INFO main flyweight.FlyweightFactory - create new object Key: subject_0:location_3
INFO main flyweight.FlyweightFactory - create new object Key: subject_0:location_4
INFO main flyweight.FlyweightFactory - create new object Key: subject_0:location_5
INFO main flyweight.FlyweightFactory - create new object Key: subject_0:location_6
INFO main flyweight.FlyweightFactory - create new object Key: subject_0:location_7
INFO main flyweight.FlyweightFactory - create new object Key: subject_0:location_8
INFO main flyweight.FlyweightFactory - create new object Key: subject_0:location_9
INFO main flyweight.FlyweightFactory - create new object Key: subject_0:location_10
INFO main flyweight.FlyweightFactory - create new object Key: subject_0:location_11
INFO main flyweight.FlyweightFactory - create new object Key: subject_0:location_12
INFO main flyweight.FlyweightFactory - create new object Key: subject_0:location_13
INFO main flyweight.FlyweightFactory - create new object Key: subject_0:location_14
INFO main flyweight.FlyweightFactory - create new object Key: subject_0:location_15
INFO main flyweight.FlyweightFactory - create new object Key: subject_0:location_16
INFO main flyweight.FlyweightFactory - create new object Key: subject_0:location_17
INFO main flyweight.FlyweightFactory - create new object Key: subject_0:location_18
INFO main flyweight.FlyweightFactory - create new object Key: subject_0:location_19
INFO main flyweight.FlyweightFactory - create new object Key: subject_0:location_20
INFO main flyweight.FlyweightFactory - create new object Key: subject_0:location_21
INFO main flyweight.FlyweightFactory - create new object Key: subject_0:location_22
INFO main flyweight.FlyweightFactory - create new object Key: subject_0:location_23
INFO main flyweight.FlyweightFactory - create new object Key: subject_0:location_24
INFO main flyweight.FlyweightFactory - create new object Key: subject_0:location_25
INFO main flyweight.FlyweightFactory - create new object Key: subject_0:location_26
INFO main flyweight.FlyweightFactory - create new object Key: subject_0:location_27
INFO main flyweight.FlyweightFactory - create new object Key: subject_0:location_28
INFO main flyweight.FlyweightFactory - create new object Key: subject_0:location_29
INFO main flyweight.FlyweightFactory - create new object Key: subject_1:location_0
INFO main flyweight.FlyweightFactory - create new object Key: subject_1:location_1
INFO main flyweight.FlyweightFactory - create new object Key: subject_1:location_2
INFO main flyweight.FlyweightFactory - create new object Key: subject_1:location_3
INFO main flyweight.FlyweightFactory - create new object Key: subject_1:location_4
INFO main flyweight.FlyweightFactory - create new object Key: subject_1:location_5
INFO main flyweight.FlyweightFactory - create new object Key: subject_1:location_6
INFO main flyweight.FlyweightFactory - create new object Key: subject_1:location_7
INFO main flyweight.FlyweightFactory - create new object Key: subject_1:location_8
INFO main flyweight.FlyweightFactory - create new object Key: subject_1:location_9
INFO main flyweight.FlyweightFactory - create new object Key: subject_1:location_10
INFO main flyweight.FlyweightFactory - create new object Key: subject_1:location_11
INFO main flyweight.FlyweightFactory - create new object Key: subject_1:location_12
INFO main flyweight.FlyweightFactory - create new object Key: subject_1:location_13
INFO main flyweight.FlyweightFactory - create new object Key: subject_1:location_14
INFO main flyweight.FlyweightFactory - create new object Key: subject_1:location_15
INFO main flyweight.FlyweightFactory - create new object Key: subject_1:location_16
INFO main flyweight.FlyweightFactory - create new object Key: subject_1:location_17
INFO main flyweight.FlyweightFactory - create new object Key: subject_1:location_18
INFO main flyweight.FlyweightFactory - create new object Key: subject_1:location_19
INFO main flyweight.FlyweightFactory - create new object Key: subject_1:location_20
INFO main flyweight.FlyweightFactory - create new object Key: subject_1:location_21
INFO main flyweight.FlyweightFactory - create new object Key: subject_1:location_22
INFO main flyweight.FlyweightFactory - create new object Key: subject_1:location_23
INFO main flyweight.FlyweightFactory - create new object Key: subject_1:location_24
INFO main flyweight.FlyweightFactory - create new object Key: subject_1:location_25
INFO main flyweight.FlyweightFactory - create new object Key: subject_1:location_26
INFO main flyweight.FlyweightFactory - create new object Key: subject_1:location_27
INFO main flyweight.FlyweightFactory - create new object Key: subject_1:location_28
INFO main flyweight.FlyweightFactory - create new object Key: subject_1:location_29
INFO main flyweight.FlyweightFactory - create new object Key: subject_2:location_0
INFO main flyweight.FlyweightFactory - create new object Key: subject_2:location_1
INFO main flyweight.FlyweightFactory - create new object Key: subject_2:location_2
INFO main flyweight.FlyweightFactory - create new object Key: subject_2:location_3
INFO main flyweight.FlyweightFactory - create new object Key: subject_2:location_4
INFO main flyweight.FlyweightFactory - create new object Key: subject_2:location_5
INFO main flyweight.FlyweightFactory - create new object Key: subject_2:location_6
INFO main flyweight.FlyweightFactory - create new object Key: subject_2:location_7
INFO main flyweight.FlyweightFactory - create new object Key: subject_2:location_8
INFO main flyweight.FlyweightFactory - create new object Key: subject_2:location_9
INFO main flyweight.FlyweightFactory - create new object Key: subject_2:location_10
INFO main flyweight.FlyweightFactory - create new object Key: subject_2:location_11
INFO main flyweight.FlyweightFactory - create new object Key: subject_2:location_12
INFO main flyweight.FlyweightFactory - create new object Key: subject_2:location_13
INFO main flyweight.FlyweightFactory - create new object Key: subject_2:location_14
INFO main flyweight.FlyweightFactory - create new object Key: subject_2:location_15
INFO main flyweight.FlyweightFactory - create new object Key: subject_2:location_16
INFO main flyweight.FlyweightFactory - create new object Key: subject_2:location_17
INFO main flyweight.FlyweightFactory - create new object Key: subject_2:location_18
INFO main flyweight.FlyweightFactory - create new object Key: subject_2:location_19
INFO main flyweight.FlyweightFactory - create new object Key: subject_2:location_20
INFO main flyweight.FlyweightFactory - create new object Key: subject_2:location_21
INFO main flyweight.FlyweightFactory - create new object Key: subject_2:location_22
INFO main flyweight.FlyweightFactory - create new object Key: subject_2:location_23
INFO main flyweight.FlyweightFactory - create new object Key: subject_2:location_24
INFO main flyweight.FlyweightFactory - create new object Key: subject_2:location_25
INFO main flyweight.FlyweightFactory - create new object Key: subject_2:location_26
INFO main flyweight.FlyweightFactory - create new object Key: subject_2:location_27
INFO main flyweight.FlyweightFactory - create new object Key: subject_2:location_28
INFO main flyweight.FlyweightFactory - create new object Key: subject_2:location_29
INFO main flyweight.FlyweightFactory - create new object Key: subject_3:location_0
INFO main flyweight.FlyweightFactory - create new object Key: subject_3:location_1
INFO main flyweight.FlyweightFactory - create new object Key: subject_3:location_2
INFO main flyweight.FlyweightFactory - create new object Key: subject_3:location_3
INFO main flyweight.FlyweightFactory - create new object Key: subject_3:location_4
INFO main flyweight.FlyweightFactory - create new object Key: subject_3:location_5
INFO main flyweight.FlyweightFactory - create new object Key: subject_3:location_6
INFO main flyweight.FlyweightFactory - create new object Key: subject_3:location_7
INFO main flyweight.FlyweightFactory - create new object Key: subject_3:location_8
INFO main flyweight.FlyweightFactory - create new object Key: subject_3:location_9
INFO main flyweight.FlyweightFactory - create new object Key: subject_3:location_10
INFO main flyweight.FlyweightFactory - create new object Key: subject_3:location_11
INFO main flyweight.FlyweightFactory - create new object Key: subject_3:location_12
INFO main flyweight.FlyweightFactory - create new object Key: subject_3:location_13
INFO main flyweight.FlyweightFactory - create new object Key: subject_3:location_14
INFO main flyweight.FlyweightFactory - create new object Key: subject_3:location_15
INFO main flyweight.FlyweightFactory - create new object Key: subject_3:location_16
INFO main flyweight.FlyweightFactory - create new object Key: subject_3:location_17
INFO main flyweight.FlyweightFactory - create new object Key: subject_3:location_18
INFO main flyweight.FlyweightFactory - create new object Key: subject_3:location_19
INFO main flyweight.FlyweightFactory - create new object Key: subject_3:location_20
INFO main flyweight.FlyweightFactory - create new object Key: subject_3:location_21
INFO main flyweight.FlyweightFactory - create new object Key: subject_3:location_22
INFO main flyweight.FlyweightFactory - create new object Key: subject_3:location_23
INFO main flyweight.FlyweightFactory - create new object Key: subject_3:location_24
INFO main flyweight.FlyweightFactory - create new object Key: subject_3:location_25
INFO main flyweight.FlyweightFactory - create new object Key: subject_3:location_26
INFO main flyweight.FlyweightFactory - create new object Key: subject_3:location_27
INFO main flyweight.FlyweightFactory - create new object Key: subject_3:location_28
INFO main flyweight.FlyweightFactory - create new object Key: subject_3:location_29
INFO main flyweight.FlyweightFactory - create new object Key: subject_2_location_20
INFO main flyweight.FlyweightFactory - create new object Key: subject_2:location_20
INFO main flyweight.FlyweightFactory - create new object Key: subject_2:location_20
INFO main flyweight.FlyweightFactory - create new object Key: subject_2:location_20
INFO main flyweight.FlyweightFactory - create new object Key: subject_2:location_20
INFO main flyweight.FlyweightFactory - create new object Key: subject_2:location_20
INFO main flyweight.FlyweightFactory - create new object Key: subject_2:location_20
